[debug] [2021-01-24T06:35:25.095Z] ----------------------------------------------------------------------
[debug] [2021-01-24T06:35:25.101Z] Command:       /home/nishi/.anyenv/envs/nodenv/versions/10.20.1/bin/node /home/nishi/.anyenv/envs/nodenv/versions/10.20.1/bin/firebase emulators:start --only functions
[debug] [2021-01-24T06:35:25.102Z] CLI Version:   8.16.1
[debug] [2021-01-24T06:35:25.103Z] Platform:      linux
[debug] [2021-01-24T06:35:25.103Z] Node Version:  v10.20.1
[debug] [2021-01-24T06:35:25.103Z] Time:          Sun Jan 24 2021 15:35:25 GMT+0900 (Japan Standard Time)
[debug] [2021-01-24T06:35:25.103Z] ----------------------------------------------------------------------
[debug] [2021-01-24T06:35:25.104Z] 
[debug] [2021-01-24T06:35:25.108Z] >>> [apiv2][query] GET https://firebase-public.firebaseio.com/cli.json [none]
[debug] [2021-01-24T06:35:25.142Z] > command requires scopes: ["email","openid","https://www.googleapis.com/auth/cloudplatformprojects.readonly","https://www.googleapis.com/auth/firebase","https://www.googleapis.com/auth/cloud-platform"]
[debug] [2021-01-24T06:35:25.142Z] > authorizing via signed-in user
[info] i  emulators: Starting emulators: functions {"metadata":{"emulator":{"name":"hub"},"message":"Starting emulators: functions"}}
[debug] [2021-01-24T06:35:25.156Z] [hub] writing locator at /tmp/hub-atoyomu-app.json
[warn] ⚠  functions: The following emulators are not running, calls to these services from the Functions emulator will affect production: auth, firestore, database, hosting, pubsub {"metadata":{"emulator":{"name":"functions"},"message":"The following emulators are not running, calls to these services from the Functions emulator will affect production: \u001b[1mauth, firestore, database, hosting, pubsub\u001b[22m"}}
[warn] ⚠  Your requested "node" version "12" doesn't match your global version "10" {"metadata":{"emulator":{"name":"functions"},"message":"Your requested \"node\" version \"12\" doesn't match your global version \"10\""}}
[debug] [2021-01-24T06:35:25.177Z] defaultcredentials: writing to file /home/nishi/.config/firebase/nishiokanandesuka_gmail_com_application_default_credentials.json
[debug] [2021-01-24T06:35:25.180Z] Setting GAC to /home/nishi/.config/firebase/nishiokanandesuka_gmail_com_application_default_credentials.json {"metadata":{"emulator":{"name":"functions"},"message":"Setting GAC to /home/nishi/.config/firebase/nishiokanandesuka_gmail_com_application_default_credentials.json"}}
[debug] [2021-01-24T06:35:25.190Z] Ignoring unsupported arg: auto_download {"metadata":{"emulator":{"name":"ui"},"message":"Ignoring unsupported arg: auto_download"}}
[debug] [2021-01-24T06:35:25.191Z] Ignoring unsupported arg: port {"metadata":{"emulator":{"name":"ui"},"message":"Ignoring unsupported arg: port"}}
[debug] [2021-01-24T06:35:25.191Z] Starting Emulator UI with command {"binary":"node","args":["/home/nishi/.cache/firebase/emulators/ui-v1.2.2/server.bundle.js"],"optionalArgs":[],"joinArgs":false} {"metadata":{"emulator":{"name":"ui"},"message":"Starting Emulator UI with command {\"binary\":\"node\",\"args\":[\"/home/nishi/.cache/firebase/emulators/ui-v1.2.2/server.bundle.js\"],\"optionalArgs\":[],\"joinArgs\":false}"}}
[info] i  ui: Emulator UI logging to ui-debug.log {"metadata":{"emulator":{"name":"ui"},"message":"Emulator UI logging to \u001b[1mui-debug.log\u001b[22m"}}
[debug] [2021-01-24T06:35:25.380Z] Web / API server started at http://127.0.0.1:4000
 {"metadata":{"emulator":{"name":"ui"},"message":"Web / API server started at http://127.0.0.1:4000\n"}}
[info] i  functions: Watching "/home/nishi/Develop/atoyomi/functions" for Cloud Functions... {"metadata":{"emulator":{"name":"functions"},"message":"Watching \"/home/nishi/Develop/atoyomi/functions\" for Cloud Functions..."}}
[debug] [2021-01-24T06:35:25.473Z] [worker-pool] addWorker(~diagnostic~) {"metadata":{"emulator":{"name":"functions"},"message":"[worker-pool] addWorker(~diagnostic~)"}}
[debug] [2021-01-24T06:35:25.473Z] [worker-pool] Adding worker with key ~diagnostic~, total=1 {"metadata":{"emulator":{"name":"functions"},"message":"[worker-pool] Adding worker with key ~diagnostic~, total=1"}}
[debug] [2021-01-24T06:35:25.474Z] [worker-pool] submitWork(triggerId=) {"metadata":{"emulator":{"name":"functions"},"message":"[worker-pool] submitWork(triggerId=)"}}
[debug] [2021-01-24T06:35:25.475Z] [worker-~diagnostic~-e99b7708-12c0-4fda-ada3-72e284d2e4fb]: Assigning socketPath: /tmp/fire_emu_29189.sock {"metadata":{"emulator":{"name":"functions"},"message":"[worker-~diagnostic~-e99b7708-12c0-4fda-ada3-72e284d2e4fb]: Assigning socketPath: /tmp/fire_emu_29189.sock"}}
[debug] [2021-01-24T06:35:25.477Z] [worker-~diagnostic~-e99b7708-12c0-4fda-ada3-72e284d2e4fb]: BUSY {"metadata":{"emulator":{"name":"functions"},"message":"[worker-~diagnostic~-e99b7708-12c0-4fda-ada3-72e284d2e4fb]: BUSY"}}
[debug] [2021-01-24T06:35:25.810Z] <<< [apiv2][status] GET https://firebase-public.firebaseio.com/cli.json 200
[debug] [2021-01-24T06:35:25.810Z] <<< [apiv2][body] GET https://firebase-public.firebaseio.com/cli.json {"cloudBuildErrorAfter":1594252800000,"cloudBuildWarnAfter":1590019200000,"defaultNode10After":1594252800000,"minVersion":"3.0.5","node8DeploysDisabledAfter":1613390400000,"node8RuntimeDisabledAfter":1615809600000,"node8WarnAfter":1600128000000}
[debug] [2021-01-24T06:35:25.912Z] [runtime-status] [29189] Functions runtime initialized. {"cwd":"/home/nishi/Develop/atoyomi/functions","node_version":"10.20.1"} {"metadata":{"emulator":{"name":"functions"},"message":"[runtime-status] [29189] Functions runtime initialized. {\"cwd\":\"/home/nishi/Develop/atoyomi/functions\",\"node_version\":\"10.20.1\"}"}}
[debug] [2021-01-24T06:35:25.913Z] [runtime-status] [29189] Disabled runtime features: undefined {"metadata":{"emulator":{"name":"functions"},"message":"[runtime-status] [29189] Disabled runtime features: undefined"}}
[debug] [2021-01-24T06:35:25.916Z] [runtime-status] [29189] Resolved module firebase-admin {"declared":true,"installed":true,"version":"9.4.2","resolution":"/home/nishi/Develop/atoyomi/functions/node_modules/firebase-admin/lib/index.js"} {"metadata":{"emulator":{"name":"functions"},"message":"[runtime-status] [29189] Resolved module firebase-admin {\"declared\":true,\"installed\":true,\"version\":\"9.4.2\",\"resolution\":\"/home/nishi/Develop/atoyomi/functions/node_modules/firebase-admin/lib/index.js\"}"}}
[debug] [2021-01-24T06:35:25.916Z] [runtime-status] [29189] Resolved module firebase-functions {"declared":true,"installed":true,"version":"3.13.1","resolution":"/home/nishi/Develop/atoyomi/functions/node_modules/firebase-functions/lib/index.js"} {"metadata":{"emulator":{"name":"functions"},"message":"[runtime-status] [29189] Resolved module firebase-functions {\"declared\":true,\"installed\":true,\"version\":\"3.13.1\",\"resolution\":\"/home/nishi/Develop/atoyomi/functions/node_modules/firebase-functions/lib/index.js\"}"}}
[debug] [2021-01-24T06:35:25.919Z] [runtime-status] [29189] Resolved module firebase-functions {"declared":true,"installed":true,"version":"3.13.1","resolution":"/home/nishi/Develop/atoyomi/functions/node_modules/firebase-functions/lib/index.js"} {"metadata":{"emulator":{"name":"functions"},"message":"[runtime-status] [29189] Resolved module firebase-functions {\"declared\":true,\"installed\":true,\"version\":\"3.13.1\",\"resolution\":\"/home/nishi/Develop/atoyomi/functions/node_modules/firebase-functions/lib/index.js\"}"}}
[debug] [2021-01-24T06:35:25.925Z] [runtime-status] [29189] Outgoing network have been stubbed. [{"name":"http","status":"mocked"},{"name":"http","status":"mocked"},{"name":"https","status":"mocked"},{"name":"https","status":"mocked"},{"name":"net","status":"mocked"}] {"metadata":{"emulator":{"name":"functions"},"message":"[runtime-status] [29189] Outgoing network have been stubbed. [{\"name\":\"http\",\"status\":\"mocked\"},{\"name\":\"http\",\"status\":\"mocked\"},{\"name\":\"https\",\"status\":\"mocked\"},{\"name\":\"https\",\"status\":\"mocked\"},{\"name\":\"net\",\"status\":\"mocked\"}]"}}
[debug] [2021-01-24T06:35:25.925Z] [runtime-status] [29189] Resolved module firebase-functions {"declared":true,"installed":true,"version":"3.13.1","resolution":"/home/nishi/Develop/atoyomi/functions/node_modules/firebase-functions/lib/index.js"} {"metadata":{"emulator":{"name":"functions"},"message":"[runtime-status] [29189] Resolved module firebase-functions {\"declared\":true,\"installed\":true,\"version\":\"3.13.1\",\"resolution\":\"/home/nishi/Develop/atoyomi/functions/node_modules/firebase-functions/lib/index.js\"}"}}
[debug] [2021-01-24T06:35:25.999Z] [runtime-status] [29189] Checked functions.config() {"config":{}} {"metadata":{"emulator":{"name":"functions"},"message":"[runtime-status] [29189] Checked functions.config() {\"config\":{}}"}}
[debug] [2021-01-24T06:35:26.000Z] [runtime-status] [29189] firebase-functions has been stubbed. {"functionsResolution":{"declared":true,"installed":true,"version":"3.13.1","resolution":"/home/nishi/Develop/atoyomi/functions/node_modules/firebase-functions/lib/index.js"}} {"metadata":{"emulator":{"name":"functions"},"message":"[runtime-status] [29189] firebase-functions has been stubbed. {\"functionsResolution\":{\"declared\":true,\"installed\":true,\"version\":\"3.13.1\",\"resolution\":\"/home/nishi/Develop/atoyomi/functions/node_modules/firebase-functions/lib/index.js\"}}"}}
[debug] [2021-01-24T06:35:26.000Z] [runtime-status] [29189] Resolved module firebase-functions {"declared":true,"installed":true,"version":"3.13.1","resolution":"/home/nishi/Develop/atoyomi/functions/node_modules/firebase-functions/lib/index.js"} {"metadata":{"emulator":{"name":"functions"},"message":"[runtime-status] [29189] Resolved module firebase-functions {\"declared\":true,\"installed\":true,\"version\":\"3.13.1\",\"resolution\":\"/home/nishi/Develop/atoyomi/functions/node_modules/firebase-functions/lib/index.js\"}"}}
[debug] [2021-01-24T06:35:26.003Z] [runtime-status] [29189] Resolved module firebase-admin {"declared":true,"installed":true,"version":"9.4.2","resolution":"/home/nishi/Develop/atoyomi/functions/node_modules/firebase-admin/lib/index.js"} {"metadata":{"emulator":{"name":"functions"},"message":"[runtime-status] [29189] Resolved module firebase-admin {\"declared\":true,\"installed\":true,\"version\":\"9.4.2\",\"resolution\":\"/home/nishi/Develop/atoyomi/functions/node_modules/firebase-admin/lib/index.js\"}"}}
[debug] [2021-01-24T06:35:26.004Z] [runtime-status] [29189] Resolved module firebase-functions {"declared":true,"installed":true,"version":"3.13.1","resolution":"/home/nishi/Develop/atoyomi/functions/node_modules/firebase-functions/lib/index.js"} {"metadata":{"emulator":{"name":"functions"},"message":"[runtime-status] [29189] Resolved module firebase-functions {\"declared\":true,\"installed\":true,\"version\":\"3.13.1\",\"resolution\":\"/home/nishi/Develop/atoyomi/functions/node_modules/firebase-functions/lib/index.js\"}"}}
[debug] [2021-01-24T06:35:26.004Z] [runtime-status] [29189] firebase-admin has been stubbed. {"adminResolution":{"declared":true,"installed":true,"version":"9.4.2","resolution":"/home/nishi/Develop/atoyomi/functions/node_modules/firebase-admin/lib/index.js"}} {"metadata":{"emulator":{"name":"functions"},"message":"[runtime-status] [29189] firebase-admin has been stubbed. {\"adminResolution\":{\"declared\":true,\"installed\":true,\"version\":\"9.4.2\",\"resolution\":\"/home/nishi/Develop/atoyomi/functions/node_modules/firebase-admin/lib/index.js\"}}"}}
[info] ✔  functions[app]: http function initialized (http://127.0.0.1:5001/atoyomu-app/asia-northeast1/app). {"metadata":{"emulator":{"name":"functions"},"message":"\u001b[1mhttp\u001b[22m function initialized (http://127.0.0.1:5001/atoyomu-app/asia-northeast1/app)."}}
[info] ✔  functions[helloWorld]: http function initialized (http://127.0.0.1:5001/atoyomu-app/us-central1/helloWorld). {"metadata":{"emulator":{"name":"functions"},"message":"\u001b[1mhttp\u001b[22m function initialized (http://127.0.0.1:5001/atoyomu-app/us-central1/helloWorld)."}}
[info] 
┌───────────────────────────────────────────────────────────────────────┐
│ ✔  All emulators ready! View status and logs at http://127.0.0.1:4000 │
└───────────────────────────────────────────────────────────────────────┘

┌───────────┬────────────────┬─────────────────────────────────┐
│ Emulator  │ Host:Port      │ View in Emulator UI             │
├───────────┼────────────────┼─────────────────────────────────┤
│ Functions │ 127.0.0.1:5001 │ http://127.0.0.1:4000/functions │
└───────────┴────────────────┴─────────────────────────────────┘
  Other reserved ports: 4400, 4500

Issues? Report them at https://github.com/firebase/firebase-tools/issues and attach the *-debug.log files.
 
[debug] [2021-01-24T06:35:26.067Z] [worker-~diagnostic~-e99b7708-12c0-4fda-ada3-72e284d2e4fb]: IDLE {"metadata":{"emulator":{"name":"functions"},"message":"[worker-~diagnostic~-e99b7708-12c0-4fda-ada3-72e284d2e4fb]: IDLE"}}
[debug] [2021-01-24T06:37:04.190Z] [work-queue] {"queueLength":1,"workRunningCount":0}
[debug] [2021-01-24T06:37:04.190Z] [work-queue] {"queueLength":0,"workRunningCount":1}
[debug] [2021-01-24T06:37:04.191Z] Accepted request POST /atoyomu-app/us-central1/app?foo=bar --> app
[debug] [2021-01-24T06:37:04.197Z] [worker-pool] addWorker(app) {"metadata":{"emulator":{"name":"functions"},"message":"[worker-pool] addWorker(app)"}}
[debug] [2021-01-24T06:37:04.197Z] [worker-pool] Adding worker with key app, total=1 {"metadata":{"emulator":{"name":"functions"},"message":"[worker-pool] Adding worker with key app, total=1"}}
[debug] [2021-01-24T06:37:04.198Z] [worker-pool] submitWork(triggerId=app) {"metadata":{"emulator":{"name":"functions"},"message":"[worker-pool] submitWork(triggerId=app)"}}
[debug] [2021-01-24T06:37:04.198Z] [worker-app-a3306412-c36c-4ee1-a6a2-f57fe6b2e253]: Assigning socketPath: /tmp/fire_emu_29380.sock {"metadata":{"emulator":{"name":"functions"},"message":"[worker-app-a3306412-c36c-4ee1-a6a2-f57fe6b2e253]: Assigning socketPath: /tmp/fire_emu_29380.sock"}}
[debug] [2021-01-24T06:37:04.198Z] [worker-app-a3306412-c36c-4ee1-a6a2-f57fe6b2e253]: BUSY {"metadata":{"emulator":{"name":"functions"},"message":"[worker-app-a3306412-c36c-4ee1-a6a2-f57fe6b2e253]: BUSY"}}
[debug] [2021-01-24T06:37:04.465Z] [runtime-status] [29380] Functions runtime initialized. {"cwd":"/home/nishi/Develop/atoyomi/functions","node_version":"10.20.1"} {"metadata":{"emulator":{"name":"functions"},"function":{"name":"app"},"message":"[runtime-status] [29380] Functions runtime initialized. {\"cwd\":\"/home/nishi/Develop/atoyomi/functions\",\"node_version\":\"10.20.1\"}"}}
[debug] [2021-01-24T06:37:04.468Z] [runtime-status] [29380] Disabled runtime features: undefined {"metadata":{"emulator":{"name":"functions"},"function":{"name":"app"},"message":"[runtime-status] [29380] Disabled runtime features: undefined"}}
[debug] [2021-01-24T06:37:04.470Z] [runtime-status] [29380] Resolved module firebase-admin {"declared":true,"installed":true,"version":"9.4.2","resolution":"/home/nishi/Develop/atoyomi/functions/node_modules/firebase-admin/lib/index.js"} {"metadata":{"emulator":{"name":"functions"},"function":{"name":"app"},"message":"[runtime-status] [29380] Resolved module firebase-admin {\"declared\":true,\"installed\":true,\"version\":\"9.4.2\",\"resolution\":\"/home/nishi/Develop/atoyomi/functions/node_modules/firebase-admin/lib/index.js\"}"}}
[debug] [2021-01-24T06:37:04.471Z] [runtime-status] [29380] Resolved module firebase-functions {"declared":true,"installed":true,"version":"3.13.1","resolution":"/home/nishi/Develop/atoyomi/functions/node_modules/firebase-functions/lib/index.js"} {"metadata":{"emulator":{"name":"functions"},"function":{"name":"app"},"message":"[runtime-status] [29380] Resolved module firebase-functions {\"declared\":true,\"installed\":true,\"version\":\"3.13.1\",\"resolution\":\"/home/nishi/Develop/atoyomi/functions/node_modules/firebase-functions/lib/index.js\"}"}}
[debug] [2021-01-24T06:37:04.473Z] [runtime-status] [29380] Resolved module firebase-functions {"declared":true,"installed":true,"version":"3.13.1","resolution":"/home/nishi/Develop/atoyomi/functions/node_modules/firebase-functions/lib/index.js"} {"metadata":{"emulator":{"name":"functions"},"function":{"name":"app"},"message":"[runtime-status] [29380] Resolved module firebase-functions {\"declared\":true,\"installed\":true,\"version\":\"3.13.1\",\"resolution\":\"/home/nishi/Develop/atoyomi/functions/node_modules/firebase-functions/lib/index.js\"}"}}
[debug] [2021-01-24T06:37:04.476Z] [runtime-status] [29380] Outgoing network have been stubbed. [{"name":"http","status":"mocked"},{"name":"http","status":"mocked"},{"name":"https","status":"mocked"},{"name":"https","status":"mocked"},{"name":"net","status":"mocked"}] {"metadata":{"emulator":{"name":"functions"},"function":{"name":"app"},"message":"[runtime-status] [29380] Outgoing network have been stubbed. [{\"name\":\"http\",\"status\":\"mocked\"},{\"name\":\"http\",\"status\":\"mocked\"},{\"name\":\"https\",\"status\":\"mocked\"},{\"name\":\"https\",\"status\":\"mocked\"},{\"name\":\"net\",\"status\":\"mocked\"}]"}}
[debug] [2021-01-24T06:37:04.477Z] [runtime-status] [29380] Resolved module firebase-functions {"declared":true,"installed":true,"version":"3.13.1","resolution":"/home/nishi/Develop/atoyomi/functions/node_modules/firebase-functions/lib/index.js"} {"metadata":{"emulator":{"name":"functions"},"function":{"name":"app"},"message":"[runtime-status] [29380] Resolved module firebase-functions {\"declared\":true,\"installed\":true,\"version\":\"3.13.1\",\"resolution\":\"/home/nishi/Develop/atoyomi/functions/node_modules/firebase-functions/lib/index.js\"}"}}
[debug] [2021-01-24T06:37:04.508Z] [runtime-status] [29380] Checked functions.config() {"config":{}} {"metadata":{"emulator":{"name":"functions"},"function":{"name":"app"},"message":"[runtime-status] [29380] Checked functions.config() {\"config\":{}}"}}
[debug] [2021-01-24T06:37:04.508Z] [runtime-status] [29380] firebase-functions has been stubbed. {"functionsResolution":{"declared":true,"installed":true,"version":"3.13.1","resolution":"/home/nishi/Develop/atoyomi/functions/node_modules/firebase-functions/lib/index.js"}} {"metadata":{"emulator":{"name":"functions"},"function":{"name":"app"},"message":"[runtime-status] [29380] firebase-functions has been stubbed. {\"functionsResolution\":{\"declared\":true,\"installed\":true,\"version\":\"3.13.1\",\"resolution\":\"/home/nishi/Develop/atoyomi/functions/node_modules/firebase-functions/lib/index.js\"}}"}}
[debug] [2021-01-24T06:37:04.509Z] [runtime-status] [29380] Resolved module firebase-functions {"declared":true,"installed":true,"version":"3.13.1","resolution":"/home/nishi/Develop/atoyomi/functions/node_modules/firebase-functions/lib/index.js"} {"metadata":{"emulator":{"name":"functions"},"function":{"name":"app"},"message":"[runtime-status] [29380] Resolved module firebase-functions {\"declared\":true,\"installed\":true,\"version\":\"3.13.1\",\"resolution\":\"/home/nishi/Develop/atoyomi/functions/node_modules/firebase-functions/lib/index.js\"}"}}
[debug] [2021-01-24T06:37:04.509Z] [runtime-status] [29380] Resolved module firebase-admin {"declared":true,"installed":true,"version":"9.4.2","resolution":"/home/nishi/Develop/atoyomi/functions/node_modules/firebase-admin/lib/index.js"} {"metadata":{"emulator":{"name":"functions"},"function":{"name":"app"},"message":"[runtime-status] [29380] Resolved module firebase-admin {\"declared\":true,\"installed\":true,\"version\":\"9.4.2\",\"resolution\":\"/home/nishi/Develop/atoyomi/functions/node_modules/firebase-admin/lib/index.js\"}"}}
[debug] [2021-01-24T06:37:04.510Z] [runtime-status] [29380] Resolved module firebase-functions {"declared":true,"installed":true,"version":"3.13.1","resolution":"/home/nishi/Develop/atoyomi/functions/node_modules/firebase-functions/lib/index.js"} {"metadata":{"emulator":{"name":"functions"},"function":{"name":"app"},"message":"[runtime-status] [29380] Resolved module firebase-functions {\"declared\":true,\"installed\":true,\"version\":\"3.13.1\",\"resolution\":\"/home/nishi/Develop/atoyomi/functions/node_modules/firebase-functions/lib/index.js\"}"}}
[debug] [2021-01-24T06:37:04.510Z] [runtime-status] [29380] firebase-admin has been stubbed. {"adminResolution":{"declared":true,"installed":true,"version":"9.4.2","resolution":"/home/nishi/Develop/atoyomi/functions/node_modules/firebase-admin/lib/index.js"}} {"metadata":{"emulator":{"name":"functions"},"function":{"name":"app"},"message":"[runtime-status] [29380] firebase-admin has been stubbed. {\"adminResolution\":{\"declared\":true,\"installed\":true,\"version\":\"9.4.2\",\"resolution\":\"/home/nishi/Develop/atoyomi/functions/node_modules/firebase-admin/lib/index.js\"}}"}}
[debug] [2021-01-24T06:37:04.561Z] [runtime-status] [29380] Trigger "app" has been found, beginning invocation! {"metadata":{"emulator":{"name":"functions"},"function":{"name":"app"},"message":"[runtime-status] [29380] Trigger \"app\" has been found, beginning invocation!"}}
[info] i  functions: Beginning execution of "app" {"metadata":{"emulator":{"name":"functions"},"function":{"name":"app"},"message":"Beginning execution of \"app\""}}
[debug] [2021-01-24T06:37:04.564Z] [runtime-status] [29380] triggerDefinition {"regions":["asia-northeast1"],"httpsTrigger":{},"name":"app","entryPoint":"app"} {"metadata":{"emulator":{"name":"functions"},"function":{"name":"app"},"message":"[runtime-status] [29380] triggerDefinition {\"regions\":[\"asia-northeast1\"],\"httpsTrigger\":{},\"name\":\"app\",\"entryPoint\":\"app\"}"}}
[debug] [2021-01-24T06:37:04.565Z] [runtime-status] [29380] Running app in mode HTTPS {"metadata":{"emulator":{"name":"functions"},"function":{"name":"app"},"message":"[runtime-status] [29380] Running app in mode HTTPS"}}
[debug] [2021-01-24T06:37:04.575Z] [runtime-status] [29380] Attempting to listen to socketPath: /tmp/fire_emu_29380.sock {"metadata":{"emulator":{"name":"functions"},"function":{"name":"app"},"message":"[runtime-status] [29380] Attempting to listen to socketPath: /tmp/fire_emu_29380.sock"}}
[debug] [2021-01-24T06:37:04.584Z] [functions] Runtime ready! Sending request! {"metadata":{"emulator":{"name":"functions"},"message":"[functions] Runtime ready! Sending request!"}}
[debug] [2021-01-24T06:37:04.600Z] [runtime-status] [29380] Ephemeral server handling POST request {"metadata":{"emulator":{"name":"functions"},"function":{"name":"app"},"message":"[runtime-status] [29380] Ephemeral server handling POST request"}}
[debug] [2021-01-24T06:37:04.609Z] [runtime-status] [29380] Ephemeral server survived. {"metadata":{"emulator":{"name":"functions"},"function":{"name":"app"},"message":"[runtime-status] [29380] Ephemeral server survived."}}
[info] i  functions: Finished "app" in ~1s {"metadata":{"emulator":{"name":"functions"},"function":{"name":"app"},"message":"Finished \"app\" in ~1s"}}
[debug] [2021-01-24T06:37:04.612Z] [worker-app-a3306412-c36c-4ee1-a6a2-f57fe6b2e253]: IDLE {"metadata":{"emulator":{"name":"functions"},"message":"[worker-app-a3306412-c36c-4ee1-a6a2-f57fe6b2e253]: IDLE"}}
[debug] [2021-01-24T06:37:04.614Z] [work-queue] {"queueLength":0,"workRunningCount":0}
[debug] [2021-01-24T06:37:19.901Z] [work-queue] {"queueLength":1,"workRunningCount":0}
[debug] [2021-01-24T06:37:19.902Z] [work-queue] {"queueLength":0,"workRunningCount":1}
[debug] [2021-01-24T06:37:19.902Z] Accepted request POST /atoyomu-app/us-central1/app?foo=bar --> app
[debug] [2021-01-24T06:37:19.902Z] [worker-pool] submitWork(triggerId=app) {"metadata":{"emulator":{"name":"functions"},"message":"[worker-pool] submitWork(triggerId=app)"}}
[debug] [2021-01-24T06:37:19.902Z] [worker-app-a3306412-c36c-4ee1-a6a2-f57fe6b2e253]: Assigning socketPath: /tmp/fire_emu_29380.sock {"metadata":{"emulator":{"name":"functions"},"message":"[worker-app-a3306412-c36c-4ee1-a6a2-f57fe6b2e253]: Assigning socketPath: /tmp/fire_emu_29380.sock"}}
[debug] [2021-01-24T06:37:19.902Z] [worker-app-a3306412-c36c-4ee1-a6a2-f57fe6b2e253]: BUSY {"metadata":{"emulator":{"name":"functions"},"message":"[worker-app-a3306412-c36c-4ee1-a6a2-f57fe6b2e253]: BUSY"}}
[debug] [2021-01-24T06:37:19.904Z] [runtime-status] [29380] Trigger "app" has been found, beginning invocation! {"metadata":{"emulator":{"name":"functions"},"function":{"name":"app"},"message":"[runtime-status] [29380] Trigger \"app\" has been found, beginning invocation!"}}
[info] i  functions: Beginning execution of "app" {"metadata":{"emulator":{"name":"functions"},"function":{"name":"app"},"message":"Beginning execution of \"app\""}}
[debug] [2021-01-24T06:37:19.905Z] [runtime-status] [29380] triggerDefinition {"regions":["asia-northeast1"],"httpsTrigger":{},"name":"app","entryPoint":"app"} {"metadata":{"emulator":{"name":"functions"},"function":{"name":"app"},"message":"[runtime-status] [29380] triggerDefinition {\"regions\":[\"asia-northeast1\"],\"httpsTrigger\":{},\"name\":\"app\",\"entryPoint\":\"app\"}"}}
[debug] [2021-01-24T06:37:19.905Z] [runtime-status] [29380] Running app in mode HTTPS {"metadata":{"emulator":{"name":"functions"},"function":{"name":"app"},"message":"[runtime-status] [29380] Running app in mode HTTPS"}}
[debug] [2021-01-24T06:37:19.907Z] [runtime-status] [29380] Attempting to listen to socketPath: /tmp/fire_emu_29380.sock {"metadata":{"emulator":{"name":"functions"},"function":{"name":"app"},"message":"[runtime-status] [29380] Attempting to listen to socketPath: /tmp/fire_emu_29380.sock"}}
[debug] [2021-01-24T06:37:19.909Z] [functions] Runtime ready! Sending request! {"metadata":{"emulator":{"name":"functions"},"message":"[functions] Runtime ready! Sending request!"}}
[debug] [2021-01-24T06:37:19.916Z] [runtime-status] [29380] Ephemeral server handling POST request {"metadata":{"emulator":{"name":"functions"},"function":{"name":"app"},"message":"[runtime-status] [29380] Ephemeral server handling POST request"}}
[debug] [2021-01-24T06:37:19.916Z] [runtime-status] [29380] Ephemeral server survived. {"metadata":{"emulator":{"name":"functions"},"function":{"name":"app"},"message":"[runtime-status] [29380] Ephemeral server survived."}}
[info] i  functions: Finished "app" in ~1s {"metadata":{"emulator":{"name":"functions"},"function":{"name":"app"},"message":"Finished \"app\" in ~1s"}}
[debug] [2021-01-24T06:37:19.917Z] [worker-app-a3306412-c36c-4ee1-a6a2-f57fe6b2e253]: IDLE {"metadata":{"emulator":{"name":"functions"},"message":"[worker-app-a3306412-c36c-4ee1-a6a2-f57fe6b2e253]: IDLE"}}
[debug] [2021-01-24T06:37:19.918Z] [work-queue] {"queueLength":0,"workRunningCount":0}
[debug] [2021-01-24T06:37:26.541Z] [work-queue] {"queueLength":1,"workRunningCount":0}
[debug] [2021-01-24T06:37:26.541Z] [work-queue] {"queueLength":0,"workRunningCount":1}
[debug] [2021-01-24T06:37:26.542Z] Accepted request POST /atoyomu-app/us-central1/app?foo=bar --> app
[debug] [2021-01-24T06:37:26.542Z] [worker-pool] submitWork(triggerId=app) {"metadata":{"emulator":{"name":"functions"},"message":"[worker-pool] submitWork(triggerId=app)"}}
[debug] [2021-01-24T06:37:26.542Z] [worker-app-a3306412-c36c-4ee1-a6a2-f57fe6b2e253]: Assigning socketPath: /tmp/fire_emu_29380.sock {"metadata":{"emulator":{"name":"functions"},"message":"[worker-app-a3306412-c36c-4ee1-a6a2-f57fe6b2e253]: Assigning socketPath: /tmp/fire_emu_29380.sock"}}
[debug] [2021-01-24T06:37:26.542Z] [worker-app-a3306412-c36c-4ee1-a6a2-f57fe6b2e253]: BUSY {"metadata":{"emulator":{"name":"functions"},"message":"[worker-app-a3306412-c36c-4ee1-a6a2-f57fe6b2e253]: BUSY"}}
[debug] [2021-01-24T06:37:26.544Z] [runtime-status] [29380] Trigger "app" has been found, beginning invocation! {"metadata":{"emulator":{"name":"functions"},"function":{"name":"app"},"message":"[runtime-status] [29380] Trigger \"app\" has been found, beginning invocation!"}}
[info] i  functions: Beginning execution of "app" {"metadata":{"emulator":{"name":"functions"},"function":{"name":"app"},"message":"Beginning execution of \"app\""}}
[debug] [2021-01-24T06:37:26.545Z] [runtime-status] [29380] triggerDefinition {"regions":["asia-northeast1"],"httpsTrigger":{},"name":"app","entryPoint":"app"} {"metadata":{"emulator":{"name":"functions"},"function":{"name":"app"},"message":"[runtime-status] [29380] triggerDefinition {\"regions\":[\"asia-northeast1\"],\"httpsTrigger\":{},\"name\":\"app\",\"entryPoint\":\"app\"}"}}
[debug] [2021-01-24T06:37:26.546Z] [runtime-status] [29380] Running app in mode HTTPS {"metadata":{"emulator":{"name":"functions"},"function":{"name":"app"},"message":"[runtime-status] [29380] Running app in mode HTTPS"}}
[debug] [2021-01-24T06:37:26.546Z] [runtime-status] [29380] Attempting to listen to socketPath: /tmp/fire_emu_29380.sock {"metadata":{"emulator":{"name":"functions"},"function":{"name":"app"},"message":"[runtime-status] [29380] Attempting to listen to socketPath: /tmp/fire_emu_29380.sock"}}
[debug] [2021-01-24T06:37:26.548Z] [functions] Runtime ready! Sending request! {"metadata":{"emulator":{"name":"functions"},"message":"[functions] Runtime ready! Sending request!"}}
[debug] [2021-01-24T06:37:26.555Z] [runtime-status] [29380] Ephemeral server handling POST request {"metadata":{"emulator":{"name":"functions"},"function":{"name":"app"},"message":"[runtime-status] [29380] Ephemeral server handling POST request"}}
[debug] [2021-01-24T06:37:26.555Z] [runtime-status] [29380] Ephemeral server survived. {"metadata":{"emulator":{"name":"functions"},"function":{"name":"app"},"message":"[runtime-status] [29380] Ephemeral server survived."}}
[info] i  functions: Finished "app" in ~1s {"metadata":{"emulator":{"name":"functions"},"function":{"name":"app"},"message":"Finished \"app\" in ~1s"}}
[debug] [2021-01-24T06:37:26.556Z] [worker-app-a3306412-c36c-4ee1-a6a2-f57fe6b2e253]: IDLE {"metadata":{"emulator":{"name":"functions"},"message":"[worker-app-a3306412-c36c-4ee1-a6a2-f57fe6b2e253]: IDLE"}}
[debug] [2021-01-24T06:37:26.556Z] [work-queue] {"queueLength":0,"workRunningCount":0}
[debug] [2021-01-24T06:37:56.317Z] [work-queue] {"queueLength":1,"workRunningCount":0}
[debug] [2021-01-24T06:37:56.317Z] [work-queue] {"queueLength":0,"workRunningCount":1}
[debug] [2021-01-24T06:37:56.317Z] Accepted request POST /atoyomu-app/asia-northeast1/app --> app
[debug] [2021-01-24T06:37:56.317Z] [worker-pool] submitWork(triggerId=app) {"metadata":{"emulator":{"name":"functions"},"message":"[worker-pool] submitWork(triggerId=app)"}}
[debug] [2021-01-24T06:37:56.318Z] [worker-app-a3306412-c36c-4ee1-a6a2-f57fe6b2e253]: Assigning socketPath: /tmp/fire_emu_29380.sock {"metadata":{"emulator":{"name":"functions"},"message":"[worker-app-a3306412-c36c-4ee1-a6a2-f57fe6b2e253]: Assigning socketPath: /tmp/fire_emu_29380.sock"}}
[debug] [2021-01-24T06:37:56.318Z] [worker-app-a3306412-c36c-4ee1-a6a2-f57fe6b2e253]: BUSY {"metadata":{"emulator":{"name":"functions"},"message":"[worker-app-a3306412-c36c-4ee1-a6a2-f57fe6b2e253]: BUSY"}}
[debug] [2021-01-24T06:37:56.320Z] [runtime-status] [29380] Trigger "app" has been found, beginning invocation! {"metadata":{"emulator":{"name":"functions"},"function":{"name":"app"},"message":"[runtime-status] [29380] Trigger \"app\" has been found, beginning invocation!"}}
[info] i  functions: Beginning execution of "app" {"metadata":{"emulator":{"name":"functions"},"function":{"name":"app"},"message":"Beginning execution of \"app\""}}
[debug] [2021-01-24T06:37:56.322Z] [runtime-status] [29380] triggerDefinition {"regions":["asia-northeast1"],"httpsTrigger":{},"name":"app","entryPoint":"app"} {"metadata":{"emulator":{"name":"functions"},"function":{"name":"app"},"message":"[runtime-status] [29380] triggerDefinition {\"regions\":[\"asia-northeast1\"],\"httpsTrigger\":{},\"name\":\"app\",\"entryPoint\":\"app\"}"}}
[debug] [2021-01-24T06:37:56.322Z] [runtime-status] [29380] Running app in mode HTTPS {"metadata":{"emulator":{"name":"functions"},"function":{"name":"app"},"message":"[runtime-status] [29380] Running app in mode HTTPS"}}
[debug] [2021-01-24T06:37:56.322Z] [runtime-status] [29380] Attempting to listen to socketPath: /tmp/fire_emu_29380.sock {"metadata":{"emulator":{"name":"functions"},"function":{"name":"app"},"message":"[runtime-status] [29380] Attempting to listen to socketPath: /tmp/fire_emu_29380.sock"}}
[debug] [2021-01-24T06:37:56.324Z] [functions] Runtime ready! Sending request! {"metadata":{"emulator":{"name":"functions"},"message":"[functions] Runtime ready! Sending request!"}}
[debug] [2021-01-24T06:37:56.331Z] [runtime-status] [29380] Ephemeral server handling POST request {"metadata":{"emulator":{"name":"functions"},"function":{"name":"app"},"message":"[runtime-status] [29380] Ephemeral server handling POST request"}}
[debug] [2021-01-24T06:37:56.332Z] [runtime-status] [29380] Ephemeral server survived. {"metadata":{"emulator":{"name":"functions"},"function":{"name":"app"},"message":"[runtime-status] [29380] Ephemeral server survived."}}
[info] i  functions: Finished "app" in ~1s {"metadata":{"emulator":{"name":"functions"},"function":{"name":"app"},"message":"Finished \"app\" in ~1s"}}
[debug] [2021-01-24T06:37:56.333Z] [worker-app-a3306412-c36c-4ee1-a6a2-f57fe6b2e253]: IDLE {"metadata":{"emulator":{"name":"functions"},"message":"[worker-app-a3306412-c36c-4ee1-a6a2-f57fe6b2e253]: IDLE"}}
[debug] [2021-01-24T06:37:56.333Z] [work-queue] {"queueLength":0,"workRunningCount":0}
[debug] [2021-01-24T06:38:14.026Z] [work-queue] {"queueLength":1,"workRunningCount":0}
[debug] [2021-01-24T06:38:14.026Z] [work-queue] {"queueLength":0,"workRunningCount":1}
[debug] [2021-01-24T06:38:14.026Z] Accepted request POST /atoyomu-app/asia-northeast1/app/preview --> app
[debug] [2021-01-24T06:38:14.026Z] [worker-pool] submitWork(triggerId=app) {"metadata":{"emulator":{"name":"functions"},"message":"[worker-pool] submitWork(triggerId=app)"}}
[debug] [2021-01-24T06:38:14.026Z] [worker-app-a3306412-c36c-4ee1-a6a2-f57fe6b2e253]: Assigning socketPath: /tmp/fire_emu_29380.sock {"metadata":{"emulator":{"name":"functions"},"message":"[worker-app-a3306412-c36c-4ee1-a6a2-f57fe6b2e253]: Assigning socketPath: /tmp/fire_emu_29380.sock"}}
[debug] [2021-01-24T06:38:14.026Z] [worker-app-a3306412-c36c-4ee1-a6a2-f57fe6b2e253]: BUSY {"metadata":{"emulator":{"name":"functions"},"message":"[worker-app-a3306412-c36c-4ee1-a6a2-f57fe6b2e253]: BUSY"}}
[debug] [2021-01-24T06:38:14.028Z] [runtime-status] [29380] Trigger "app" has been found, beginning invocation! {"metadata":{"emulator":{"name":"functions"},"function":{"name":"app"},"message":"[runtime-status] [29380] Trigger \"app\" has been found, beginning invocation!"}}
[info] i  functions: Beginning execution of "app" {"metadata":{"emulator":{"name":"functions"},"function":{"name":"app"},"message":"Beginning execution of \"app\""}}
[debug] [2021-01-24T06:38:14.029Z] [runtime-status] [29380] triggerDefinition {"regions":["asia-northeast1"],"httpsTrigger":{},"name":"app","entryPoint":"app"} {"metadata":{"emulator":{"name":"functions"},"function":{"name":"app"},"message":"[runtime-status] [29380] triggerDefinition {\"regions\":[\"asia-northeast1\"],\"httpsTrigger\":{},\"name\":\"app\",\"entryPoint\":\"app\"}"}}
[debug] [2021-01-24T06:38:14.029Z] [runtime-status] [29380] Running app in mode HTTPS {"metadata":{"emulator":{"name":"functions"},"function":{"name":"app"},"message":"[runtime-status] [29380] Running app in mode HTTPS"}}
[debug] [2021-01-24T06:38:14.030Z] [runtime-status] [29380] Attempting to listen to socketPath: /tmp/fire_emu_29380.sock {"metadata":{"emulator":{"name":"functions"},"function":{"name":"app"},"message":"[runtime-status] [29380] Attempting to listen to socketPath: /tmp/fire_emu_29380.sock"}}
[debug] [2021-01-24T06:38:14.031Z] [functions] Runtime ready! Sending request! {"metadata":{"emulator":{"name":"functions"},"message":"[functions] Runtime ready! Sending request!"}}
[debug] [2021-01-24T06:38:14.037Z] [runtime-status] [29380] Ephemeral server handling POST request {"metadata":{"emulator":{"name":"functions"},"function":{"name":"app"},"message":"[runtime-status] [29380] Ephemeral server handling POST request"}}
[info] >  {} {"user":{},"metadata":{"emulator":{"name":"functions"},"function":{"name":"app"},"message":"\u001b[90m> \u001b[39m {}"}}
[debug] [2021-01-24T06:38:14.044Z] [runtime-status] [29380] Ephemeral server survived. {"metadata":{"emulator":{"name":"functions"},"function":{"name":"app"},"message":"[runtime-status] [29380] Ephemeral server survived."}}
[info] i  functions: Finished "app" in ~1s {"metadata":{"emulator":{"name":"functions"},"function":{"name":"app"},"message":"Finished \"app\" in ~1s"}}
[debug] [2021-01-24T06:38:14.047Z] [worker-app-a3306412-c36c-4ee1-a6a2-f57fe6b2e253]: IDLE {"metadata":{"emulator":{"name":"functions"},"message":"[worker-app-a3306412-c36c-4ee1-a6a2-f57fe6b2e253]: IDLE"}}
[debug] [2021-01-24T06:38:14.048Z] [work-queue] {"queueLength":0,"workRunningCount":0}
